VSG_XFORM:9: 0.999999947870164 -3.228926590427829E-4 -0.15279295425452233 3.228926590427829E-4 0.999999947870164 0.15043143187995156 0.0 0.0 1.0 
VSG_XFORM:9: 0.9999999342608482 -3.6259936453400944E-4 -0.48545667575799445 3.6259936453400944E-4 0.9999999342608482 0.3508035065395897 0.0 0.0 1.0 
VSG_XFORM:9: 0.9999999362587702 -3.570468532837003E-4 -0.27073842605980813 3.570468532837003E-4 0.9999999362587702 0.5472419981638359 0.0 0.0 1.0 
VSG_XFORM:9: 0.9999999284346259 3.783262385976233E-4 -0.039105085345350094 -3.783262385976233E-4 0.9999999284346259 1.0566591195082626 0.0 0.0 1.0 
VSG_XFORM:9: 0.9999994848412894 0.0010150453957780531 -0.1300263071549082 -0.0010150453957780531 0.9999994848412894 1.5961733795338195 0.0 0.0 1.0 
VSG_XFORM:9: 0.9999997439075585 7.156708860175106E-4 -0.04310579752670213 -7.156708860175106E-4 0.9999997439075585 1.7956492900071648 0.0 0.0 1.0 
VSG_XFORM:9: 0.9999987026349711 0.0016108160585231752 -0.6768127315678863 -0.0016108160585231752 0.9999987026349711 2.1973000182955778 0.0 0.0 1.0 
VSG_XFORM:9: 0.9999979196439728 0.0020397812937612827 -0.8627127625157565 -0.0020397812937612827 0.9999979196439728 2.7239464483379563 0.0 0.0 1.0 
VSG_XFORM:9: 0.9999969904396778 0.002453387777485397 -0.9772908958101995 -0.002453387777485397 0.9999969904396778 3.018795379242768 0.0 0.0 1.0 
VSG_XFORM:9: 0.9999957884367513 0.0029022592509869646 -0.6067108168343928 -0.0029022592509869646 0.9999957884367513 3.6246438738346654 0.0 0.0 1.0 
VSG_XFORM:9: 0.9999974606922888 0.0022535769288070137 -0.34745950062098657 -0.0022535769288070137 0.9999974606922888 3.43483034914249 0.0 0.0 1.0 
VSG_XFORM:9: 0.9999975219232244 0.0022262406451206327 -0.7638458061534624 -0.0022262406451206327 0.9999975219232244 3.716415969094712 0.0 0.0 1.0 
VSG_XFORM:9: 0.9999958993704701 0.002863781109733228 -1.0408763868001771 -0.002863781109733228 0.9999958993704701 4.296096981107312 0.0 0.0 1.0 
VSG_XFORM:9: 0.9999961769670206 0.002765149425090279 -1.301479624425091 -0.002765149425090279 0.9999961769670206 4.605858158347133 0.0 0.0 1.0 
VSG_XFORM:9: 0.9999967061409968 0.0025666529092689743 -1.0881770801302513 -0.0025666529092689743 0.9999967061409968 4.548900554496301 0.0 0.0 1.0 
VSG_XFORM:9: 0.9999981482855713 0.0019244285978564756 -0.9355078512867816 -0.0019244285978564756 0.9999981482855713 4.435899206274987 0.0 0.0 1.0 
VSG_XFORM:9: 0.9999975087562216 0.002232147251070864 -0.8290484769428274 -0.002232147251070864 0.9999975087562216 5.052694345394305 0.0 0.0 1.0 
VSG_XFORM:9: 0.9999969417882751 0.0024731385115111665 -0.8952430599190413 -0.0024731385115111665 0.9999969417882751 5.127265740604759 0.0 0.0 1.0 
VSG_XFORM:9: 0.9999973220918225 0.002314262125150053 -1.0543298849440044 -0.002314262125150053 0.9999973220918225 5.066751548725291 0.0 0.0 1.0 
VSG_XFORM:9: 0.9999982570642082 0.0018670480833972536 -1.0139971814332578 -0.0018670480833972536 0.9999982570642082 4.43214906777204 0.0 0.0 1.0 
VSG_XFORM:9: 0.9999963649584169 0.0026963067244924394 -1.0550435431194873 -0.0026963067244924394 0.9999963649584169 5.125518253478684 0.0 0.0 1.0 
VSG_XFORM:9: 0.9999962732772792 0.0027300973523231367 -0.6519982008446263 -0.0027300973523231367 0.9999962732772792 4.975055920002836 0.0 0.0 1.0 
VSG_XFORM:9: 0.999996883923621 0.002496426055042184 -1.2767630073901985 -0.002496426055042184 0.999996883923621 5.033259627604501 0.0 0.0 1.0 
VSG_XFORM:9: 0.9999964700208882 0.0026570558448925094 -1.7915102530514724 -0.0026570558448925094 0.9999964700208882 4.8731285661418395 0.0 0.0 1.0 
VSG_XFORM:9: 0.99999718946481 0.0023708779978957937 -1.3648737609689596 -0.0023708779978957937 0.99999718946481 4.6238012303798905 0.0 0.0 1.0 
VSG_XFORM:9: 0.9999959691260067 0.002839318886370896 -0.6582666609533452 -0.002839318886370896 0.9999959691260067 4.951462519463747 0.0 0.0 1.0 
VSG_XFORM:9: 0.9999948179390622 0.003219331455730875 -0.9040247445882548 -0.003219331455730875 0.9999948179390622 5.0406587489772114 0.0 0.0 1.0 
VSG_XFORM:9: 0.9999945531452465 0.0033005575042220664 -1.136304146241247 -0.0033005575042220664 0.9999945531452465 4.959248882240575 0.0 0.0 1.0 
VSG_XFORM:9: 0.9999945797777946 0.003292478554519541 -1.0371993902828456 -0.003292478554519541 0.9999945797777946 4.765694315214411 0.0 0.0 1.0 
VSG_XFORM:9: 0.9999959018143201 0.002862927621269512 -0.8604959364675495 -0.002862927621269512 0.9999959018143201 4.648556858004494 0.0 0.0 1.0 
VSG_XFORM:9: 0.9999963504355405 0.0027016875466471858 -0.9623349161500471 -0.0027016875466471858 0.9999963504355405 4.881060132508211 0.0 0.0 1.0 
VSG_XFORM:9: 0.9999964963665883 0.0026471219367806853 -1.102929985575226 -0.0026471219367806853 0.9999964963665883 4.900395765199911 0.0 0.0 1.0 
VSG_XFORM:9: 0.9999967684118964 0.002542275705730933 -0.8841654382438182 -0.002542275705730933 0.9999967684118964 5.210873447864993 0.0 0.0 1.0 
VSG_XFORM:9: 0.9999960289629146 0.0028181657867572176 -1.0779104059786917 -0.0028181657867572176 0.9999960289629146 5.565377782273122 0.0 0.0 1.0 
VSG_XFORM:9: 0.9999959141859251 0.002858603060208589 -0.5987924532530771 -0.002858603060208589 0.9999959141859251 5.934855269875942 0.0 0.0 1.0 
VSG_XFORM:9: 0.9999946404343087 0.0032740040710732684 -0.24205312849295368 -0.0032740040710732684 0.9999946404343087 6.438341574712708 0.0 0.0 1.0 
VSG_XFORM:9: 0.9999938636400858 0.003503238811889387 -0.6403746748555432 -0.003503238811889387 0.9999938636400858 6.523055457989259 0.0 0.0 1.0 
VSG_XFORM:9: 0.999994000943186 0.003463824135102921 -0.6386478501565094 -0.003463824135102921 0.999994000943186 6.510597833196681 0.0 0.0 1.0 
VSG_XFORM:9: 0.999994184834084 0.0034103222744409647 -1.1578827448108817 -0.0034103222744409647 0.999994184834084 6.707469321977163 0.0 0.0 1.0 
VSG_XFORM:9: 0.9999920278616341 0.003993020557984944 -1.3211566462167237 -0.003993020557984944 0.9999920278616341 7.245363382374423 0.0 0.0 1.0 
VSG_XFORM:9: 0.9999864785064533 0.005200269633608562 -1.3736005415651804 -0.005200269633608562 0.9999864785064533 7.897470862112705 0.0 0.0 1.0 
VSG_XFORM:9: 0.9999904898741633 0.004361210982140003 -1.054275276041341 -0.004361210982140003 0.9999904898741633 7.814030418549206 0.0 0.0 1.0 
VSG_XFORM:9: 0.9999922192412581 0.003944801255224068 -0.8371654376889217 -0.003944801255224068 0.9999922192412581 7.986276644635672 0.0 0.0 1.0 
VSG_XFORM:9: 0.9999897706908206 0.004523108855602963 -1.0816409826941031 -0.004523108855602963 0.9999897706908206 8.232583906677158 0.0 0.0 1.0 
VSG_XFORM:9: 0.9999903269165353 0.004398417142612178 -0.9354189846974859 -0.004398417142612178 0.9999903269165353 8.175618811718163 0.0 0.0 1.0 
VSG_XFORM:9: 0.9999903699541957 0.004388621522832473 -0.9158644617554921 -0.004388621522832473 0.9999903699541957 8.366711409806038 0.0 0.0 1.0 
VSG_XFORM:9: 0.9999911294887425 0.004211999979683016 -0.6985857191551285 -0.004211999979683016 0.9999911294887425 8.678334728147142 0.0 0.0 1.0 
VSG_XFORM:9: 0.9999882093597592 0.004856041748408289 -0.22232270251671649 -0.004856041748408289 0.9999882093597592 9.546129161323634 0.0 0.0 1.0 
VSG_XFORM:9: 0.999992103950195 0.003973919634578664 -0.2570268641933426 -0.003973919634578664 0.999992103950195 9.08920952217552 0.0 0.0 1.0 
VSG_XFORM:9: 0.999991293125939 0.0041729692440767635 -0.31159884007582245 -0.0041729692440767635 0.999991293125939 9.538241044156788 0.0 0.0 1.0 
VSG_XFORM:9: 0.9999881808388316 0.004861911418770379 -0.9238750757717769 -0.004861911418770379 0.9999881808388316 9.980939242386235 0.0 0.0 1.0 
VSG_XFORM:9: 0.9999909391860616 0.004256940894371565 -0.4269571885511102 -0.004256940894371565 0.9999909391860616 10.137407654108342 0.0 0.0 1.0 
VSG_XFORM:9: 0.9999923295042183 0.003916750276279283 -0.3276951968239423 -0.003916750276279283 0.9999923295042183 10.494035317770152 0.0 0.0 1.0 
VSG_XFORM:9: 0.9999882922504718 0.004838942238232486 -0.5005961550340834 -0.004838942238232486 0.9999882922504718 11.380751244740354 0.0 0.0 1.0 
VSG_XFORM:9: 0.9999907577331395 0.004299354405192335 -0.6133019206547456 -0.004299354405192335 0.9999907577331395 11.421597534302936 0.0 0.0 1.0 
VSG_XFORM:9: 0.9999901214600635 0.004444882707969104 -0.680790023969498 -0.004444882707969104 0.9999901214600635 12.031204356180373 0.0 0.0 1.0 
VSG_XFORM:9: 0.999989190448419 0.004649622169135643 -0.7778749941835811 -0.004649622169135643 0.999989190448419 12.560734494955572 0.0 0.0 1.0 
VSG_XFORM:9: 0.9999876813785853 0.004963576440564786 -0.6848932656081194 -0.004963576440564786 0.9999876813785853 12.844013125426525 0.0 0.0 1.0 
VSG_XFORM:9: 0.9999890700731007 0.004675439480467186 -0.7890728052219281 -0.004675439480467186 0.9999890700731007 12.833077655811113 0.0 0.0 1.0 
